  pch.cpp
  Asset.cpp
C:\Users\yuanx\Desktop\CS\LEDA\LEDA\Assets\Asset.h(17,10): fatal  error C1083: Cannot open include file: 'pch.h': No such file or directory
  SceneManager.cpp
C:\Program Files\Microsoft Visual Studio\2022\Community\VC\Tools\MSVC\14.36.32532\include\filesystem(13): warning STL4038: The contents of <filesystem> are available only with C++17 or later.
C:\Users\yuanx\Desktop\CS\LEDA\LEDA\Assets\SceneManager.h(16,10): fatal  error C1083: Cannot open include file: 'pch.h': No such file or directory
  LEDA_System.cpp
C:\Users\yuanx\Desktop\CS\LEDA\LEDA\Core\LEDA_System.h(16,10): fatal  error C1083: Cannot open include file: 'pch.h': No such file or directory
  dllmain.cpp
  Drawer.cpp
C:\Users\yuanx\Desktop\CS\LEDA\LEDA\Graphics\LEDA_Graphics.h(17,10): fatal  error C1083: Cannot open include file: 'pch.h': No such file or directory
  GraphicsSystem.cpp
C:\Users\yuanx\Desktop\CS\LEDA\LEDA\Graphics\GraphicsSystem.cpp(13,10): fatal  error C1083: Cannot open include file: 'LEDA_System.h': No such file or directory
  Graphics_Test.cpp
C:\Users\yuanx\Desktop\CS\LEDA\LEDA\Graphics\LEDA_Graphics.h(17,10): fatal  error C1083: Cannot open include file: 'pch.h': No such file or directory
  Shader.cpp
C:\Users\yuanx\Desktop\CS\LEDA\LEDA\Graphics\Shader.h(20,10): fatal  error C1083: Cannot open include file: 'pch.h': No such file or directory
  Transform.cpp
C:\Users\yuanx\Desktop\CS\LEDA\LEDA\Graphics\Transform.h(16,10): fatal  error C1083: Cannot open include file: 'pch.h': No such file or directory
  InputSystem.cpp
C:\Users\yuanx\Desktop\CS\LEDA\LEDA\Input\InputSystem.cpp(13,10): fatal  error C1083: Cannot open include file: 'LEDA_System.h': No such file or directory
  LEDA_Input.cpp
C:\Users\yuanx\Desktop\CS\LEDA\LEDA\Input\LEDA_Input.cpp(14,10): fatal  error C1083: Cannot open include file: 'LEDA_System.h': No such file or directory
  LogicSystem.cpp
C:\Users\yuanx\Desktop\CS\LEDA\LEDA\Logic\LogicSystem.cpp(13,10): fatal  error C1083: Cannot open include file: 'LEDA_System.h': No such file or directory
  Collision.cpp
C:\Users\yuanx\Desktop\CS\LEDA\LEDA\Physics\Collision.h(17,10): fatal  error C1083: Cannot open include file: 'pch.h': No such file or directory
  CollisionShapes.cpp
C:\Users\yuanx\Desktop\CS\LEDA\LEDA\Physics\CollisionShapes.h(20,10): fatal  error C1083: Cannot open include file: 'pch.h': No such file or directory
  CollisionSystem.cpp
C:\Users\yuanx\Desktop\CS\LEDA\LEDA\Physics\CollisionComponent.h(16,10): fatal  error C1083: Cannot open include file: 'pch.h': No such file or directory
  Movement.cpp
C:\Users\yuanx\Desktop\CS\LEDA\LEDA\Physics\Movement.h(15,10): fatal  error C1083: Cannot open include file: 'pch.h': No such file or directory
  PhysicsSystem.cpp
C:\Users\yuanx\Desktop\CS\LEDA\LEDA\Physics\PhysicsSystem.h(12,10): fatal  error C1083: Cannot open include file: 'pch.h': No such file or directory
  FrameRateController.cpp
C:\Users\yuanx\Desktop\CS\LEDA\LEDA\Tools\FrameRate\FrameRateController.h(13,10): fatal  error C1083: Cannot open include file: 'pch.h': No such file or directory
  Matrix.cpp
C:\Users\yuanx\Desktop\CS\LEDA\LEDA\Tools\Math\Matrix.h(15,10): fatal  error C1083: Cannot open include file: 'pch.h': No such file or directory
  Vector.cpp
C:\Users\yuanx\Desktop\CS\LEDA\LEDA\Tools\Math\Vector.h(15,10): fatal  error C1083: Cannot open include file: 'pch.h': No such file or directory
